<?xml version="1.0" encoding="UTF-8"?>
<testng-results ignored="0" total="1" passed="1" failed="0" skipped="0">
  <reporter-output>
  </reporter-output>
  <suite started-at="2023-04-13T14:00:26 IST" name="Default suite" finished-at="2023-04-13T14:00:27 IST" duration-ms="114">
    <groups>
    </groups>
    <test started-at="2023-04-13T14:00:26 IST" name="Default test" finished-at="2023-04-13T14:00:27 IST" duration-ms="114">
      <class name="Gitpractice.Demogit">
        <test-method signature="demogit()[pri:0, instance:Gitpractice.Demogit@2525ff7e]" started-at="2023-04-13T14:00:27 IST" name="demogit" finished-at="2023-04-13T14:00:27 IST" duration-ms="18" status="PASS">
          <reporter-output>
          </reporter-output>
        </test-method> <!-- demogit -->
      </class> <!-- Gitpractice.Demogit -->
    </test> <!-- Default test -->
  </suite> <!-- Default suite -->
</testng-results>
